<?xml version="1.0" encoding="UTF-8"?>
<!-- Generated by org.testng.reporters.JUnitReportReporter -->
<testsuite hostname="DESKTOP-ELRHUNE" failures="0" tests="7" name="DBConnectionTest" time="35.421" errors="0" timestamp="2021-03-22T11:18:34 GMT+02:00" skipped="0">
  <testcase classname="DBConnectionTest" name="testSetBlocked" time="5.977"/>
  <system-out/>
  <testcase classname="DBConnectionTest" name="testGetCards" time="6.583"/>
  <system-out/>
  <testcase classname="DBConnectionTest" name="createConnection" time="1.212"/>
  <system-out/>
  <testcase classname="DBConnectionTest" name="testAddDeletePayment" time="7.666"/>
  <system-out/>
  <testcase classname="DBConnectionTest" name="testGetUsers" time="7.282"/>
  <system-out/>
  <testcase classname="DBConnectionTest" name="testAddDeleteUser" time="2.104"/>
  <system-out/>
  <testcase classname="DBConnectionTest" name="testAddDeleteCard" time="4.597"/>
  <system-out/>
</testsuite> <!-- DBConnectionTest -->
